Arguments: 
  /usr/local/bin/node /usr/local/bin/yarn add -s @materia/core-new

PATH: 
  /usr/local/bin:/usr/bin:/bin:/usr/sbin:/sbin:/usr/local/share/dotnet:~/.dotnet/tools:/Library/Frameworks/Mono.framework/Versions/Current/Commands

Yarn version: 
  1.19.1

Node version: 
  10.16.0

Platform: 
  darwin x64

Trace: 
  Error: https://registry.yarnpkg.com/@learning-lerna%2fcore: Not found
      at Request.params.callback [as _callback] (/usr/local/lib/node_modules/yarn/lib/cli.js:66926:18)
      at Request.self.callback (/usr/local/lib/node_modules/yarn/lib/cli.js:140564:22)
      at Request.emit (events.js:198:13)
      at Request.<anonymous> (/usr/local/lib/node_modules/yarn/lib/cli.js:141536:10)
      at Request.emit (events.js:198:13)
      at IncomingMessage.<anonymous> (/usr/local/lib/node_modules/yarn/lib/cli.js:141458:12)
      at Object.onceWrapper (events.js:286:20)
      at IncomingMessage.emit (events.js:203:15)
      at endReadableNT (_stream_readable.js:1129:12)
      at process._tickCallback (internal/process/next_tick.js:63:19)

npm manifest: 
  {
      "name": "@learning-lerna/app-native",
      "version": "1.1.9",
      "dependencies": {
          "@learning-lerna/core": "^2.2.3"
      },
      "private": true
  }

yarn manifest: 
  No manifest

Lockfile: 
  No lockfile
